<?xml version="1.0" encoding="UTF-8"?>
<testng-results ignored="0" total="1" passed="1" failed="0" skipped="0">
  <reporter-output>
  </reporter-output>
  <suite started-at="2019-12-26T21:04:08 CET" name="Default suite" finished-at="2019-12-26T21:04:37 CET" duration-ms="28327">
    <groups>
    </groups>
    <test started-at="2019-12-26T21:04:08 CET" name="Default test" finished-at="2019-12-26T21:04:37 CET" duration-ms="28327">
      <class name="page.tests.AccountAndCartTest">
        <test-method signature="testEditData()[pri:0, instance:page.tests.AccountAndCartTest@7ea37dbf]" started-at="2019-12-26T21:04:08 CET" name="testEditData" finished-at="2019-12-26T21:04:37 CET" duration-ms="28256" status="PASS">
          <reporter-output>
          </reporter-output>
        </test-method> <!-- testEditData -->
      </class> <!-- page.tests.AccountAndCartTest -->
    </test> <!-- Default test -->
  </suite> <!-- Default suite -->
</testng-results>
